Jul 10 01:02:52  [info] $Fatal Error Details = Array
(
    [callback] => Array
        (
            [0] => CRM_Core_Error
            [1] => handle
        )

    [code] => -1
    [message] => DB Error: unknown error
    [mode] => 16
    [debug_info] => DROP FUNCTION IF EXISTS civicrm_strip_non_numeric [nativecode=1370 ** alter routine command denied to user 'compucorp_civi'@'localhost' for routine 'db_civicrm.civicrm_strip_non_numeric']
    [type] => DB_Error
    [user_info] => DROP FUNCTION IF EXISTS civicrm_strip_non_numeric [nativecode=1370 ** alter routine command denied to user 'compucorp_civi'@'localhost' for routine 'db_civicrm.civicrm_strip_non_numeric']
    [to_string] => [db_error: message="DB Error: unknown error" code=-1 mode=callback callback=CRM_Core_Error::handle prefix="" info="DROP FUNCTION IF EXISTS civicrm_strip_non_numeric [nativecode=1370 ** alter routine command denied to user 'compucorp_civi'@'localhost' for routine 'db_civicrm.civicrm_strip_non_numeric']"]
)


Jul 10 01:02:52  [info] $backTrace = #0 /var/www/compucorp/html/sites/all/modules/civicrm/CRM/Core/Error.php(235): CRM_Core_Error::backtrace("backTrace", TRUE)
#1 [internal function](): CRM_Core_Error::handle(Object(DB_Error))
#2 /var/www/compucorp/html/sites/all/modules/civicrm/packages/PEAR.php(931): call_user_func((Array:2), Object(DB_Error))
#3 /var/www/compucorp/html/sites/all/modules/civicrm/packages/DB.php(976): PEAR_Error->PEAR_Error("DB Error: unknown error", -1, 16, (Array:2), "DROP FUNCTION IF EXISTS civicrm_strip_non_numeric [nativecode=1370 ** alter r...")
#4 /var/www/compucorp/html/sites/all/modules/civicrm/packages/PEAR.php(564): DB_Error->DB_Error(-1, 16, (Array:2), "DROP FUNCTION IF EXISTS civicrm_strip_non_numeric [nativecode=1370 ** alter r...")
#5 /var/www/compucorp/html/sites/all/modules/civicrm/packages/DB/common.php(1905): PEAR->raiseError(NULL, -1, NULL, NULL, "DROP FUNCTION IF EXISTS civicrm_strip_non_numeric [nativecode=1370 ** alter r...", "DB_Error", TRUE)
#6 /var/www/compucorp/html/sites/all/modules/civicrm/packages/DB/mysql.php(895): DB_common->raiseError(-1, NULL, NULL, NULL, "1370 ** alter routine command denied to user 'compucorp_civi'@'localhost' for...")
#7 /var/www/compucorp/html/sites/all/modules/civicrm/packages/DB/mysql.php(328): DB_mysql->mysqlRaiseError()
#8 /var/www/compucorp/html/sites/all/modules/civicrm/packages/DB/common.php(1216): DB_mysql->simpleQuery("DROP FUNCTION IF EXISTS civicrm_strip_non_numeric")
#9 /var/www/compucorp/html/sites/all/modules/civicrm/packages/DB/DataObject.php(2442): DB_common->query("DROP FUNCTION IF EXISTS civicrm_strip_non_numeric")
#10 /var/www/compucorp/html/sites/all/modules/civicrm/packages/DB/DataObject.php(1634): DB_DataObject->_query("DROP FUNCTION IF EXISTS civicrm_strip_non_numeric")
#11 /var/www/compucorp/html/sites/all/modules/civicrm/CRM/Core/DAO.php(321): DB_DataObject->query("DROP FUNCTION IF EXISTS civicrm_strip_non_numeric")
#12 /var/www/compucorp/html/sites/all/modules/civicrm/CRM/Core/DAO.php(1181): CRM_Core_DAO->query("DROP FUNCTION IF EXISTS civicrm_strip_non_numeric", TRUE)
#13 /var/www/compucorp/html/sites/all/modules/civicrm/CRM/Contact/BAO/Contact.php(3295): CRM_Core_DAO::executeQuery("DROP FUNCTION IF EXISTS civicrm_strip_non_numeric")
#14 /var/www/compucorp/html/sites/all/modules/civicrm/CRM/Core/DAO.php(1871): CRM_Contact_BAO_Contact::triggerInfo((Array:5), NULL)
#15 /var/www/compucorp/html/sites/all/modules/civicrm/CRM/Core/Invoke.php(400): CRM_Core_DAO::triggerRebuild()
#16 /var/www/compucorp/html/sites/all/modules/civicrm/drupal/civicrm.module(1392): CRM_Core_Invoke::rebuildMenuAndCaches(TRUE)
#17 [internal function](): civicrm_modules_installed((Array:2))
#18 /var/www/compucorp/html/includes/module.inc(957): call_user_func_array("civicrm_modules_installed", (Array:1))
#19 /var/www/compucorp/html/includes/module.inc(511): module_invoke_all("modules_installed", (Array:2))
#20 /var/www/compucorp/html/sites/all/modules/civicrm/install/index.php(1346): module_enable((Array:2))
#21 /var/www/compucorp/html/sites/all/modules/civicrm/install/index.php(274): Installer->install((Array:6))
#22 {main}


Jul 10 01:29:28  [info] $Fatal Error Details = Array
(
    [callback] => Array
        (
            [0] => CRM_Core_Error
            [1] => handle
        )

    [code] => -1
    [message] => DB Error: unknown error
    [mode] => 16
    [debug_info] => DROP FUNCTION IF EXISTS civicrm_strip_non_numeric [nativecode=1370 ** alter routine command denied to user 'compucorp_civi'@'localhost' for routine 'db_civicrm.civicrm_strip_non_numeric']
    [type] => DB_Error
    [user_info] => DROP FUNCTION IF EXISTS civicrm_strip_non_numeric [nativecode=1370 ** alter routine command denied to user 'compucorp_civi'@'localhost' for routine 'db_civicrm.civicrm_strip_non_numeric']
    [to_string] => [db_error: message="DB Error: unknown error" code=-1 mode=callback callback=CRM_Core_Error::handle prefix="" info="DROP FUNCTION IF EXISTS civicrm_strip_non_numeric [nativecode=1370 ** alter routine command denied to user 'compucorp_civi'@'localhost' for routine 'db_civicrm.civicrm_strip_non_numeric']"]
)


Jul 10 01:29:28  [info] $backTrace = #0 /var/www/compucorp/html/sites/all/modules/civicrm/CRM/Core/Error.php(235): CRM_Core_Error::backtrace("backTrace", TRUE)
#1 [internal function](): CRM_Core_Error::handle(Object(DB_Error))
#2 /var/www/compucorp/html/sites/all/modules/civicrm/packages/PEAR.php(931): call_user_func((Array:2), Object(DB_Error))
#3 /var/www/compucorp/html/sites/all/modules/civicrm/packages/DB.php(976): PEAR_Error->PEAR_Error("DB Error: unknown error", -1, 16, (Array:2), "DROP FUNCTION IF EXISTS civicrm_strip_non_numeric [nativecode=1370 ** alter r...")
#4 /var/www/compucorp/html/sites/all/modules/civicrm/packages/PEAR.php(564): DB_Error->DB_Error(-1, 16, (Array:2), "DROP FUNCTION IF EXISTS civicrm_strip_non_numeric [nativecode=1370 ** alter r...")
#5 /var/www/compucorp/html/sites/all/modules/civicrm/packages/DB/common.php(1905): PEAR->raiseError(NULL, -1, NULL, NULL, "DROP FUNCTION IF EXISTS civicrm_strip_non_numeric [nativecode=1370 ** alter r...", "DB_Error", TRUE)
#6 /var/www/compucorp/html/sites/all/modules/civicrm/packages/DB/mysql.php(895): DB_common->raiseError(-1, NULL, NULL, NULL, "1370 ** alter routine command denied to user 'compucorp_civi'@'localhost' for...")
#7 /var/www/compucorp/html/sites/all/modules/civicrm/packages/DB/mysql.php(328): DB_mysql->mysqlRaiseError()
#8 /var/www/compucorp/html/sites/all/modules/civicrm/packages/DB/common.php(1216): DB_mysql->simpleQuery("DROP FUNCTION IF EXISTS civicrm_strip_non_numeric")
#9 /var/www/compucorp/html/sites/all/modules/civicrm/packages/DB/DataObject.php(2442): DB_common->query("DROP FUNCTION IF EXISTS civicrm_strip_non_numeric")
#10 /var/www/compucorp/html/sites/all/modules/civicrm/packages/DB/DataObject.php(1634): DB_DataObject->_query("DROP FUNCTION IF EXISTS civicrm_strip_non_numeric")
#11 /var/www/compucorp/html/sites/all/modules/civicrm/CRM/Core/DAO.php(321): DB_DataObject->query("DROP FUNCTION IF EXISTS civicrm_strip_non_numeric")
#12 /var/www/compucorp/html/sites/all/modules/civicrm/CRM/Core/DAO.php(1181): CRM_Core_DAO->query("DROP FUNCTION IF EXISTS civicrm_strip_non_numeric", TRUE)
#13 /var/www/compucorp/html/sites/all/modules/civicrm/CRM/Contact/BAO/Contact.php(3295): CRM_Core_DAO::executeQuery("DROP FUNCTION IF EXISTS civicrm_strip_non_numeric")
#14 /var/www/compucorp/html/sites/all/modules/civicrm/CRM/Core/DAO.php(1871): CRM_Contact_BAO_Contact::triggerInfo((Array:5), NULL)
#15 /var/www/compucorp/html/sites/all/modules/civicrm/CRM/Core/Invoke.php(400): CRM_Core_DAO::triggerRebuild()
#16 /var/www/compucorp/html/sites/all/modules/civicrm/drupal/civicrm.module(1392): CRM_Core_Invoke::rebuildMenuAndCaches(TRUE)
#17 [internal function](): civicrm_modules_installed((Array:1))
#18 /var/www/compucorp/html/includes/module.inc(957): call_user_func_array("civicrm_modules_installed", (Array:1))
#19 /var/www/compucorp/html/includes/module.inc(511): module_invoke_all("modules_installed", (Array:1))
#20 /var/www/compucorp/html/modules/system/system.admin.inc(1227): module_enable((Array:1), FALSE)
#21 /var/www/compucorp/html/includes/form.inc(1520): system_modules_submit((Array:26), (Array:20))
#22 /var/www/compucorp/html/includes/form.inc(904): form_execute_handlers("submit", (Array:26), (Array:20))
#23 /var/www/compucorp/html/includes/form.inc(386): drupal_process_form("system_modules", (Array:26), (Array:20))
#24 /var/www/compucorp/html/includes/form.inc(131): drupal_build_form("system_modules", (Array:20))
#25 [internal function](): drupal_get_form("system_modules")
#26 /var/www/compucorp/html/includes/menu.inc(527): call_user_func_array("drupal_get_form", (Array:1))
#27 /var/www/compucorp/html/index.php(21): menu_execute_active_handler()
#28 {main}


Jul 10 01:30:07  [info] $Fatal Error Details = Array
(
    [callback] => Array
        (
            [0] => CRM_Core_Error
            [1] => handle
        )

    [code] => -1
    [message] => DB Error: unknown error
    [mode] => 16
    [debug_info] => DROP FUNCTION IF EXISTS civicrm_strip_non_numeric [nativecode=1370 ** alter routine command denied to user 'compucorp_civi'@'localhost' for routine 'db_civicrm.civicrm_strip_non_numeric']
    [type] => DB_Error
    [user_info] => DROP FUNCTION IF EXISTS civicrm_strip_non_numeric [nativecode=1370 ** alter routine command denied to user 'compucorp_civi'@'localhost' for routine 'db_civicrm.civicrm_strip_non_numeric']
    [to_string] => [db_error: message="DB Error: unknown error" code=-1 mode=callback callback=CRM_Core_Error::handle prefix="" info="DROP FUNCTION IF EXISTS civicrm_strip_non_numeric [nativecode=1370 ** alter routine command denied to user 'compucorp_civi'@'localhost' for routine 'db_civicrm.civicrm_strip_non_numeric']"]
)


Jul 10 01:30:07  [info] $backTrace = #0 /var/www/compucorp/html/sites/all/modules/civicrm/CRM/Core/Error.php(235): CRM_Core_Error::backtrace("backTrace", TRUE)
#1 [internal function](): CRM_Core_Error::handle(Object(DB_Error))
#2 /var/www/compucorp/html/sites/all/modules/civicrm/packages/PEAR.php(931): call_user_func((Array:2), Object(DB_Error))
#3 /var/www/compucorp/html/sites/all/modules/civicrm/packages/DB.php(976): PEAR_Error->PEAR_Error("DB Error: unknown error", -1, 16, (Array:2), "DROP FUNCTION IF EXISTS civicrm_strip_non_numeric [nativecode=1370 ** alter r...")
#4 /var/www/compucorp/html/sites/all/modules/civicrm/packages/PEAR.php(564): DB_Error->DB_Error(-1, 16, (Array:2), "DROP FUNCTION IF EXISTS civicrm_strip_non_numeric [nativecode=1370 ** alter r...")
#5 /var/www/compucorp/html/sites/all/modules/civicrm/packages/DB/common.php(1905): PEAR->raiseError(NULL, -1, NULL, NULL, "DROP FUNCTION IF EXISTS civicrm_strip_non_numeric [nativecode=1370 ** alter r...", "DB_Error", TRUE)
#6 /var/www/compucorp/html/sites/all/modules/civicrm/packages/DB/mysql.php(895): DB_common->raiseError(-1, NULL, NULL, NULL, "1370 ** alter routine command denied to user 'compucorp_civi'@'localhost' for...")
#7 /var/www/compucorp/html/sites/all/modules/civicrm/packages/DB/mysql.php(328): DB_mysql->mysqlRaiseError()
#8 /var/www/compucorp/html/sites/all/modules/civicrm/packages/DB/common.php(1216): DB_mysql->simpleQuery("DROP FUNCTION IF EXISTS civicrm_strip_non_numeric")
#9 /var/www/compucorp/html/sites/all/modules/civicrm/packages/DB/DataObject.php(2442): DB_common->query("DROP FUNCTION IF EXISTS civicrm_strip_non_numeric")
#10 /var/www/compucorp/html/sites/all/modules/civicrm/packages/DB/DataObject.php(1634): DB_DataObject->_query("DROP FUNCTION IF EXISTS civicrm_strip_non_numeric")
#11 /var/www/compucorp/html/sites/all/modules/civicrm/CRM/Core/DAO.php(321): DB_DataObject->query("DROP FUNCTION IF EXISTS civicrm_strip_non_numeric")
#12 /var/www/compucorp/html/sites/all/modules/civicrm/CRM/Core/DAO.php(1181): CRM_Core_DAO->query("DROP FUNCTION IF EXISTS civicrm_strip_non_numeric", TRUE)
#13 /var/www/compucorp/html/sites/all/modules/civicrm/CRM/Contact/BAO/Contact.php(3295): CRM_Core_DAO::executeQuery("DROP FUNCTION IF EXISTS civicrm_strip_non_numeric")
#14 /var/www/compucorp/html/sites/all/modules/civicrm/CRM/Core/DAO.php(1871): CRM_Contact_BAO_Contact::triggerInfo((Array:5), NULL)
#15 /var/www/compucorp/html/sites/all/modules/civicrm/CRM/Core/Invoke.php(400): CRM_Core_DAO::triggerRebuild()
#16 /var/www/compucorp/html/sites/all/modules/civicrm/drupal/civicrm.module(1392): CRM_Core_Invoke::rebuildMenuAndCaches(TRUE)
#17 [internal function](): civicrm_modules_installed((Array:2))
#18 /var/www/compucorp/html/includes/module.inc(957): call_user_func_array("civicrm_modules_installed", (Array:1))
#19 /var/www/compucorp/html/includes/module.inc(511): module_invoke_all("modules_installed", (Array:2))
#20 /var/www/compucorp/html/modules/system/system.admin.inc(1227): module_enable((Array:2), FALSE)
#21 /var/www/compucorp/html/includes/form.inc(1520): system_modules_submit((Array:26), (Array:20))
#22 /var/www/compucorp/html/includes/form.inc(904): form_execute_handlers("submit", (Array:26), (Array:20))
#23 /var/www/compucorp/html/includes/form.inc(386): drupal_process_form("system_modules", (Array:26), (Array:20))
#24 /var/www/compucorp/html/includes/form.inc(131): drupal_build_form("system_modules", (Array:20))
#25 [internal function](): drupal_get_form("system_modules")
#26 /var/www/compucorp/html/includes/menu.inc(527): call_user_func_array("drupal_get_form", (Array:1))
#27 /var/www/compucorp/html/index.php(21): menu_execute_active_handler()
#28 {main}


Jul 10 02:18:24  [info] $Fatal Error Details = Array
(
    [callback] => Array
        (
            [0] => CRM_Core_Error
            [1] => handle
        )

    [code] => -1
    [message] => DB Error: unknown error
    [mode] => 16
    [debug_info] => DROP FUNCTION IF EXISTS civicrm_strip_non_numeric [nativecode=1370 ** alter routine command denied to user 'compucorp_civi'@'localhost' for routine 'db_civicrm.civicrm_strip_non_numeric']
    [type] => DB_Error
    [user_info] => DROP FUNCTION IF EXISTS civicrm_strip_non_numeric [nativecode=1370 ** alter routine command denied to user 'compucorp_civi'@'localhost' for routine 'db_civicrm.civicrm_strip_non_numeric']
    [to_string] => [db_error: message="DB Error: unknown error" code=-1 mode=callback callback=CRM_Core_Error::handle prefix="" info="DROP FUNCTION IF EXISTS civicrm_strip_non_numeric [nativecode=1370 ** alter routine command denied to user 'compucorp_civi'@'localhost' for routine 'db_civicrm.civicrm_strip_non_numeric']"]
)


Jul 10 02:18:24  [info] $backTrace = #0 /var/www/compucorp/html/sites/all/modules/civicrm/CRM/Core/Error.php(235): CRM_Core_Error::backtrace("backTrace", TRUE)
#1 [internal function](): CRM_Core_Error::handle(Object(DB_Error))
#2 /var/www/compucorp/html/sites/all/modules/civicrm/packages/PEAR.php(931): call_user_func((Array:2), Object(DB_Error))
#3 /var/www/compucorp/html/sites/all/modules/civicrm/packages/DB.php(976): PEAR_Error->PEAR_Error("DB Error: unknown error", -1, 16, (Array:2), "DROP FUNCTION IF EXISTS civicrm_strip_non_numeric [nativecode=1370 ** alter r...")
#4 /var/www/compucorp/html/sites/all/modules/civicrm/packages/PEAR.php(564): DB_Error->DB_Error(-1, 16, (Array:2), "DROP FUNCTION IF EXISTS civicrm_strip_non_numeric [nativecode=1370 ** alter r...")
#5 /var/www/compucorp/html/sites/all/modules/civicrm/packages/DB/common.php(1905): PEAR->raiseError(NULL, -1, NULL, NULL, "DROP FUNCTION IF EXISTS civicrm_strip_non_numeric [nativecode=1370 ** alter r...", "DB_Error", TRUE)
#6 /var/www/compucorp/html/sites/all/modules/civicrm/packages/DB/mysql.php(895): DB_common->raiseError(-1, NULL, NULL, NULL, "1370 ** alter routine command denied to user 'compucorp_civi'@'localhost' for...")
#7 /var/www/compucorp/html/sites/all/modules/civicrm/packages/DB/mysql.php(328): DB_mysql->mysqlRaiseError()
#8 /var/www/compucorp/html/sites/all/modules/civicrm/packages/DB/common.php(1216): DB_mysql->simpleQuery("DROP FUNCTION IF EXISTS civicrm_strip_non_numeric")
#9 /var/www/compucorp/html/sites/all/modules/civicrm/packages/DB/DataObject.php(2442): DB_common->query("DROP FUNCTION IF EXISTS civicrm_strip_non_numeric")
#10 /var/www/compucorp/html/sites/all/modules/civicrm/packages/DB/DataObject.php(1634): DB_DataObject->_query("DROP FUNCTION IF EXISTS civicrm_strip_non_numeric")
#11 /var/www/compucorp/html/sites/all/modules/civicrm/CRM/Core/DAO.php(321): DB_DataObject->query("DROP FUNCTION IF EXISTS civicrm_strip_non_numeric")
#12 /var/www/compucorp/html/sites/all/modules/civicrm/CRM/Core/DAO.php(1181): CRM_Core_DAO->query("DROP FUNCTION IF EXISTS civicrm_strip_non_numeric", TRUE)
#13 /var/www/compucorp/html/sites/all/modules/civicrm/CRM/Contact/BAO/Contact.php(3295): CRM_Core_DAO::executeQuery("DROP FUNCTION IF EXISTS civicrm_strip_non_numeric")
#14 /var/www/compucorp/html/sites/all/modules/civicrm/CRM/Core/DAO.php(1871): CRM_Contact_BAO_Contact::triggerInfo((Array:5), NULL)
#15 /var/www/compucorp/html/sites/all/modules/civicrm/CRM/Core/Invoke.php(400): CRM_Core_DAO::triggerRebuild()
#16 /var/www/compucorp/html/sites/all/modules/civicrm/drupal/civicrm.module(1392): CRM_Core_Invoke::rebuildMenuAndCaches(TRUE)
#17 [internal function](): civicrm_modules_installed((Array:1))
#18 /var/www/compucorp/html/includes/module.inc(957): call_user_func_array("civicrm_modules_installed", (Array:1))
#19 /var/www/compucorp/html/includes/module.inc(511): module_invoke_all("modules_installed", (Array:1))
#20 /var/www/compucorp/html/modules/system/system.admin.inc(1227): module_enable((Array:1), FALSE)
#21 /var/www/compucorp/html/includes/form.inc(1520): system_modules_submit((Array:26), (Array:20))
#22 /var/www/compucorp/html/includes/form.inc(904): form_execute_handlers("submit", (Array:26), (Array:20))
#23 /var/www/compucorp/html/includes/form.inc(386): drupal_process_form("system_modules", (Array:26), (Array:20))
#24 /var/www/compucorp/html/includes/form.inc(131): drupal_build_form("system_modules", (Array:20))
#25 [internal function](): drupal_get_form("system_modules")
#26 /var/www/compucorp/html/includes/menu.inc(527): call_user_func_array("drupal_get_form", (Array:1))
#27 /var/www/compucorp/html/index.php(21): menu_execute_active_handler()
#28 {main}


Jul 10 02:24:52  [info] $Fatal Error Details = Array
(
    [callback] => Array
        (
            [0] => CRM_Core_Error
            [1] => handle
        )

    [code] => -1
    [message] => DB Error: unknown error
    [mode] => 16
    [debug_info] => DROP FUNCTION IF EXISTS civicrm_strip_non_numeric [nativecode=1370 ** alter routine command denied to user 'compucorp_civi'@'localhost' for routine 'db_civicrm.civicrm_strip_non_numeric']
    [type] => DB_Error
    [user_info] => DROP FUNCTION IF EXISTS civicrm_strip_non_numeric [nativecode=1370 ** alter routine command denied to user 'compucorp_civi'@'localhost' for routine 'db_civicrm.civicrm_strip_non_numeric']
    [to_string] => [db_error: message="DB Error: unknown error" code=-1 mode=callback callback=CRM_Core_Error::handle prefix="" info="DROP FUNCTION IF EXISTS civicrm_strip_non_numeric [nativecode=1370 ** alter routine command denied to user 'compucorp_civi'@'localhost' for routine 'db_civicrm.civicrm_strip_non_numeric']"]
)


Jul 10 02:24:52  [info] $backTrace = #0 /var/www/compucorp/html/sites/all/modules/civicrm/CRM/Core/Error.php(235): CRM_Core_Error::backtrace("backTrace", TRUE)
#1 [internal function](): CRM_Core_Error::handle(Object(DB_Error))
#2 /var/www/compucorp/html/sites/all/modules/civicrm/packages/PEAR.php(931): call_user_func((Array:2), Object(DB_Error))
#3 /var/www/compucorp/html/sites/all/modules/civicrm/packages/DB.php(976): PEAR_Error->PEAR_Error("DB Error: unknown error", -1, 16, (Array:2), "DROP FUNCTION IF EXISTS civicrm_strip_non_numeric [nativecode=1370 ** alter r...")
#4 /var/www/compucorp/html/sites/all/modules/civicrm/packages/PEAR.php(564): DB_Error->DB_Error(-1, 16, (Array:2), "DROP FUNCTION IF EXISTS civicrm_strip_non_numeric [nativecode=1370 ** alter r...")
#5 /var/www/compucorp/html/sites/all/modules/civicrm/packages/DB/common.php(1905): PEAR->raiseError(NULL, -1, NULL, NULL, "DROP FUNCTION IF EXISTS civicrm_strip_non_numeric [nativecode=1370 ** alter r...", "DB_Error", TRUE)
#6 /var/www/compucorp/html/sites/all/modules/civicrm/packages/DB/mysql.php(895): DB_common->raiseError(-1, NULL, NULL, NULL, "1370 ** alter routine command denied to user 'compucorp_civi'@'localhost' for...")
#7 /var/www/compucorp/html/sites/all/modules/civicrm/packages/DB/mysql.php(328): DB_mysql->mysqlRaiseError()
#8 /var/www/compucorp/html/sites/all/modules/civicrm/packages/DB/common.php(1216): DB_mysql->simpleQuery("DROP FUNCTION IF EXISTS civicrm_strip_non_numeric")
#9 /var/www/compucorp/html/sites/all/modules/civicrm/packages/DB/DataObject.php(2442): DB_common->query("DROP FUNCTION IF EXISTS civicrm_strip_non_numeric")
#10 /var/www/compucorp/html/sites/all/modules/civicrm/packages/DB/DataObject.php(1634): DB_DataObject->_query("DROP FUNCTION IF EXISTS civicrm_strip_non_numeric")
#11 /var/www/compucorp/html/sites/all/modules/civicrm/CRM/Core/DAO.php(321): DB_DataObject->query("DROP FUNCTION IF EXISTS civicrm_strip_non_numeric")
#12 /var/www/compucorp/html/sites/all/modules/civicrm/CRM/Core/DAO.php(1181): CRM_Core_DAO->query("DROP FUNCTION IF EXISTS civicrm_strip_non_numeric", TRUE)
#13 /var/www/compucorp/html/sites/all/modules/civicrm/CRM/Contact/BAO/Contact.php(3295): CRM_Core_DAO::executeQuery("DROP FUNCTION IF EXISTS civicrm_strip_non_numeric")
#14 /var/www/compucorp/html/sites/all/modules/civicrm/CRM/Core/DAO.php(1871): CRM_Contact_BAO_Contact::triggerInfo((Array:5), NULL)
#15 /var/www/compucorp/html/sites/all/modules/civicrm/CRM/Core/Invoke.php(400): CRM_Core_DAO::triggerRebuild()
#16 /var/www/compucorp/html/sites/all/modules/civicrm/drupal/civicrm.module(1408): CRM_Core_Invoke::rebuildMenuAndCaches(TRUE)
#17 [internal function](): civicrm_modules_disabled((Array:1))
#18 /var/www/compucorp/html/includes/module.inc(957): call_user_func_array("civicrm_modules_disabled", (Array:1))
#19 /var/www/compucorp/html/includes/module.inc(594): module_invoke_all("modules_disabled", (Array:1))
#20 /var/www/compucorp/html/modules/system/system.admin.inc(1228): module_disable((Array:1), FALSE)
#21 /var/www/compucorp/html/includes/form.inc(1520): system_modules_submit((Array:26), (Array:20))
#22 /var/www/compucorp/html/includes/form.inc(904): form_execute_handlers("submit", (Array:26), (Array:20))
#23 /var/www/compucorp/html/includes/form.inc(386): drupal_process_form("system_modules", (Array:26), (Array:20))
#24 /var/www/compucorp/html/includes/form.inc(131): drupal_build_form("system_modules", (Array:20))
#25 [internal function](): drupal_get_form("system_modules")
#26 /var/www/compucorp/html/includes/menu.inc(527): call_user_func_array("drupal_get_form", (Array:1))
#27 /var/www/compucorp/html/index.php(21): menu_execute_active_handler()
#28 {main}


Jul 10 02:25:10  [info] $Fatal Error Details = Array
(
    [callback] => Array
        (
            [0] => CRM_Core_Error
            [1] => handle
        )

    [code] => -1
    [message] => DB Error: unknown error
    [mode] => 16
    [debug_info] => DROP FUNCTION IF EXISTS civicrm_strip_non_numeric [nativecode=1370 ** alter routine command denied to user 'compucorp_civi'@'localhost' for routine 'db_civicrm.civicrm_strip_non_numeric']
    [type] => DB_Error
    [user_info] => DROP FUNCTION IF EXISTS civicrm_strip_non_numeric [nativecode=1370 ** alter routine command denied to user 'compucorp_civi'@'localhost' for routine 'db_civicrm.civicrm_strip_non_numeric']
    [to_string] => [db_error: message="DB Error: unknown error" code=-1 mode=callback callback=CRM_Core_Error::handle prefix="" info="DROP FUNCTION IF EXISTS civicrm_strip_non_numeric [nativecode=1370 ** alter routine command denied to user 'compucorp_civi'@'localhost' for routine 'db_civicrm.civicrm_strip_non_numeric']"]
)


Jul 10 02:25:10  [info] $backTrace = #0 /var/www/compucorp/html/sites/all/modules/civicrm/CRM/Core/Error.php(235): CRM_Core_Error::backtrace("backTrace", TRUE)
#1 [internal function](): CRM_Core_Error::handle(Object(DB_Error))
#2 /var/www/compucorp/html/sites/all/modules/civicrm/packages/PEAR.php(931): call_user_func((Array:2), Object(DB_Error))
#3 /var/www/compucorp/html/sites/all/modules/civicrm/packages/DB.php(976): PEAR_Error->PEAR_Error("DB Error: unknown error", -1, 16, (Array:2), "DROP FUNCTION IF EXISTS civicrm_strip_non_numeric [nativecode=1370 ** alter r...")
#4 /var/www/compucorp/html/sites/all/modules/civicrm/packages/PEAR.php(564): DB_Error->DB_Error(-1, 16, (Array:2), "DROP FUNCTION IF EXISTS civicrm_strip_non_numeric [nativecode=1370 ** alter r...")
#5 /var/www/compucorp/html/sites/all/modules/civicrm/packages/DB/common.php(1905): PEAR->raiseError(NULL, -1, NULL, NULL, "DROP FUNCTION IF EXISTS civicrm_strip_non_numeric [nativecode=1370 ** alter r...", "DB_Error", TRUE)
#6 /var/www/compucorp/html/sites/all/modules/civicrm/packages/DB/mysql.php(895): DB_common->raiseError(-1, NULL, NULL, NULL, "1370 ** alter routine command denied to user 'compucorp_civi'@'localhost' for...")
#7 /var/www/compucorp/html/sites/all/modules/civicrm/packages/DB/mysql.php(328): DB_mysql->mysqlRaiseError()
#8 /var/www/compucorp/html/sites/all/modules/civicrm/packages/DB/common.php(1216): DB_mysql->simpleQuery("DROP FUNCTION IF EXISTS civicrm_strip_non_numeric")
#9 /var/www/compucorp/html/sites/all/modules/civicrm/packages/DB/DataObject.php(2442): DB_common->query("DROP FUNCTION IF EXISTS civicrm_strip_non_numeric")
#10 /var/www/compucorp/html/sites/all/modules/civicrm/packages/DB/DataObject.php(1634): DB_DataObject->_query("DROP FUNCTION IF EXISTS civicrm_strip_non_numeric")
#11 /var/www/compucorp/html/sites/all/modules/civicrm/CRM/Core/DAO.php(321): DB_DataObject->query("DROP FUNCTION IF EXISTS civicrm_strip_non_numeric")
#12 /var/www/compucorp/html/sites/all/modules/civicrm/CRM/Core/DAO.php(1181): CRM_Core_DAO->query("DROP FUNCTION IF EXISTS civicrm_strip_non_numeric", TRUE)
#13 /var/www/compucorp/html/sites/all/modules/civicrm/CRM/Contact/BAO/Contact.php(3295): CRM_Core_DAO::executeQuery("DROP FUNCTION IF EXISTS civicrm_strip_non_numeric")
#14 /var/www/compucorp/html/sites/all/modules/civicrm/CRM/Core/DAO.php(1871): CRM_Contact_BAO_Contact::triggerInfo((Array:5), NULL)
#15 /var/www/compucorp/html/sites/all/modules/civicrm/CRM/Core/Invoke.php(400): CRM_Core_DAO::triggerRebuild()
#16 /var/www/compucorp/html/sites/all/modules/civicrm/drupal/civicrm.module(1416): CRM_Core_Invoke::rebuildMenuAndCaches(TRUE)
#17 [internal function](): civicrm_modules_uninstalled((Array:1))
#18 /var/www/compucorp/html/includes/module.inc(957): call_user_func_array("civicrm_modules_uninstalled", (Array:1))
#19 /var/www/compucorp/html/includes/install.inc(818): module_invoke_all("modules_uninstalled", (Array:1))
#20 /var/www/compucorp/html/modules/system/system.admin.inc(1376): drupal_uninstall_modules((Array:1))
#21 /var/www/compucorp/html/includes/form.inc(1520): system_modules_uninstall_submit((Array:31), (Array:21))
#22 /var/www/compucorp/html/includes/form.inc(904): form_execute_handlers("submit", (Array:31), (Array:21))
#23 /var/www/compucorp/html/includes/form.inc(386): drupal_process_form("system_modules_uninstall", (Array:31), (Array:21))
#24 /var/www/compucorp/html/includes/form.inc(131): drupal_build_form("system_modules_uninstall", (Array:21))
#25 [internal function](): drupal_get_form("system_modules_uninstall")
#26 /var/www/compucorp/html/includes/menu.inc(527): call_user_func_array("drupal_get_form", (Array:1))
#27 /var/www/compucorp/html/index.php(21): menu_execute_active_handler()
#28 {main}


Jul 10 02:31:11  [info] $Fatal Error Details = Array
(
    [callback] => Array
        (
            [0] => CRM_Core_Error
            [1] => handle
        )

    [code] => -1
    [message] => DB Error: unknown error
    [mode] => 16
    [debug_info] => DROP FUNCTION IF EXISTS civicrm_strip_non_numeric [nativecode=1370 ** alter routine command denied to user 'compucorp_civi'@'localhost' for routine 'db_civicrm.civicrm_strip_non_numeric']
    [type] => DB_Error
    [user_info] => DROP FUNCTION IF EXISTS civicrm_strip_non_numeric [nativecode=1370 ** alter routine command denied to user 'compucorp_civi'@'localhost' for routine 'db_civicrm.civicrm_strip_non_numeric']
    [to_string] => [db_error: message="DB Error: unknown error" code=-1 mode=callback callback=CRM_Core_Error::handle prefix="" info="DROP FUNCTION IF EXISTS civicrm_strip_non_numeric [nativecode=1370 ** alter routine command denied to user 'compucorp_civi'@'localhost' for routine 'db_civicrm.civicrm_strip_non_numeric']"]
)


Jul 10 02:31:11  [info] $backTrace = #0 /var/www/compucorp/html/sites/all/modules/civicrm/CRM/Core/Error.php(235): CRM_Core_Error::backtrace("backTrace", TRUE)
#1 [internal function](): CRM_Core_Error::handle(Object(DB_Error))
#2 /var/www/compucorp/html/sites/all/modules/civicrm/packages/PEAR.php(931): call_user_func((Array:2), Object(DB_Error))
#3 /var/www/compucorp/html/sites/all/modules/civicrm/packages/DB.php(976): PEAR_Error->PEAR_Error("DB Error: unknown error", -1, 16, (Array:2), "DROP FUNCTION IF EXISTS civicrm_strip_non_numeric [nativecode=1370 ** alter r...")
#4 /var/www/compucorp/html/sites/all/modules/civicrm/packages/PEAR.php(564): DB_Error->DB_Error(-1, 16, (Array:2), "DROP FUNCTION IF EXISTS civicrm_strip_non_numeric [nativecode=1370 ** alter r...")
#5 /var/www/compucorp/html/sites/all/modules/civicrm/packages/DB/common.php(1905): PEAR->raiseError(NULL, -1, NULL, NULL, "DROP FUNCTION IF EXISTS civicrm_strip_non_numeric [nativecode=1370 ** alter r...", "DB_Error", TRUE)
#6 /var/www/compucorp/html/sites/all/modules/civicrm/packages/DB/mysql.php(895): DB_common->raiseError(-1, NULL, NULL, NULL, "1370 ** alter routine command denied to user 'compucorp_civi'@'localhost' for...")
#7 /var/www/compucorp/html/sites/all/modules/civicrm/packages/DB/mysql.php(328): DB_mysql->mysqlRaiseError()
#8 /var/www/compucorp/html/sites/all/modules/civicrm/packages/DB/common.php(1216): DB_mysql->simpleQuery("DROP FUNCTION IF EXISTS civicrm_strip_non_numeric")
#9 /var/www/compucorp/html/sites/all/modules/civicrm/packages/DB/DataObject.php(2442): DB_common->query("DROP FUNCTION IF EXISTS civicrm_strip_non_numeric")
#10 /var/www/compucorp/html/sites/all/modules/civicrm/packages/DB/DataObject.php(1634): DB_DataObject->_query("DROP FUNCTION IF EXISTS civicrm_strip_non_numeric")
#11 /var/www/compucorp/html/sites/all/modules/civicrm/CRM/Core/DAO.php(321): DB_DataObject->query("DROP FUNCTION IF EXISTS civicrm_strip_non_numeric")
#12 /var/www/compucorp/html/sites/all/modules/civicrm/CRM/Core/DAO.php(1181): CRM_Core_DAO->query("DROP FUNCTION IF EXISTS civicrm_strip_non_numeric", TRUE)
#13 /var/www/compucorp/html/sites/all/modules/civicrm/CRM/Contact/BAO/Contact.php(3295): CRM_Core_DAO::executeQuery("DROP FUNCTION IF EXISTS civicrm_strip_non_numeric")
#14 /var/www/compucorp/html/sites/all/modules/civicrm/CRM/Core/DAO.php(1871): CRM_Contact_BAO_Contact::triggerInfo((Array:5), NULL)
#15 /var/www/compucorp/html/sites/all/modules/civicrm/CRM/Core/Invoke.php(400): CRM_Core_DAO::triggerRebuild()
#16 /var/www/compucorp/html/sites/all/modules/civicrm/drupal/civicrm.module(1392): CRM_Core_Invoke::rebuildMenuAndCaches(TRUE)
#17 [internal function](): civicrm_modules_installed((Array:1))
#18 /var/www/compucorp/html/includes/module.inc(957): call_user_func_array("civicrm_modules_installed", (Array:1))
#19 /var/www/compucorp/html/includes/module.inc(511): module_invoke_all("modules_installed", (Array:1))
#20 /var/www/compucorp/html/modules/system/system.admin.inc(1227): module_enable((Array:1), FALSE)
#21 /var/www/compucorp/html/includes/form.inc(1520): system_modules_submit((Array:26), (Array:20))
#22 /var/www/compucorp/html/includes/form.inc(904): form_execute_handlers("submit", (Array:26), (Array:20))
#23 /var/www/compucorp/html/includes/form.inc(386): drupal_process_form("system_modules", (Array:26), (Array:20))
#24 /var/www/compucorp/html/includes/form.inc(131): drupal_build_form("system_modules", (Array:20))
#25 [internal function](): drupal_get_form("system_modules")
#26 /var/www/compucorp/html/includes/menu.inc(527): call_user_func_array("drupal_get_form", (Array:1))
#27 /var/www/compucorp/html/index.php(21): menu_execute_active_handler()
#28 {main}


Jul 10 03:08:40  [info] $Fatal Error Details = Array
(
    [message] => ' convert(int is not of the type Positive
    [code] => 
)


Jul 10 03:08:40  [info] $backTrace = #0 /var/www/compucorp/html/sites/all/modules/civicrm/CRM/Core/Error.php(364): CRM_Core_Error::backtrace("backTrace", TRUE)
#1 /var/www/compucorp/html/sites/all/modules/civicrm/CRM/Utils/Type.php(297): CRM_Core_Error::fatal("' convert(int is not of the type Positive")
#2 /var/www/compucorp/html/sites/all/modules/civicrm/CRM/Profile/Form.php(235): CRM_Utils_Type::escape("' convert(int", "Positive")
#3 /var/www/compucorp/html/sites/all/modules/civicrm/CRM/Profile/Form/Dynamic.php(68): CRM_Profile_Form->preProcess()
#4 /var/www/compucorp/html/sites/all/modules/civicrm/CRM/Core/Form.php(455): CRM_Profile_Form_Dynamic->preProcess()
#5 /var/www/compucorp/html/sites/all/modules/civicrm/CRM/Core/QuickForm/Action/Display.php(94): CRM_Core_Form->buildForm()
#6 /var/www/compucorp/html/sites/all/modules/civicrm/packages/HTML/QuickForm/Controller.php(203): CRM_Core_QuickForm_Action_Display->perform(Object(CRM_Profile_Form_Dynamic), "display")
#7 /var/www/compucorp/html/sites/all/modules/civicrm/packages/HTML/QuickForm/Page.php(103): HTML_QuickForm_Controller->handle(Object(CRM_Profile_Form_Dynamic), "display")
#8 /var/www/compucorp/html/sites/all/modules/civicrm/CRM/Core/Controller.php(353): HTML_QuickForm_Page->handle("display")
#9 /var/www/compucorp/html/sites/all/modules/civicrm/CRM/Core/BAO/UFGroup.php(820): CRM_Core_Controller->run()
#10 /var/www/compucorp/html/sites/all/modules/civicrm/drupal/civicrm.module(578): CRM_Core_BAO_UFGroup::getEditHTML(NULL, "", 1, TRUE, TRUE, NULL, FALSE, "Individual")
#11 /var/www/compucorp/html/sites/all/modules/civicrm/drupal/civicrm.module(907): civicrm_register_data((Array:26), Object(stdClass), NULL, TRUE, FALSE)
#12 /var/www/compucorp/html/includes/module.inc(1163): civicrm_form_alter((Array:26), (Array:14), "user_register_form", NULL)
#13 /var/www/compucorp/html/includes/form.inc(1129): drupal_alter((Array:2), (Array:26), (Array:14), "user_register_form")
#14 /var/www/compucorp/html/includes/form.inc(352): drupal_prepare_form("user_register_form", (Array:26), (Array:14))
#15 /var/www/compucorp/html/includes/form.inc(131): drupal_build_form("user_register_form", (Array:14))
#16 [internal function](): drupal_get_form("user_register_form")
#17 /var/www/compucorp/html/includes/menu.inc(527): call_user_func_array("drupal_get_form", (Array:1))
#18 /var/www/compucorp/html/index.php(21): menu_execute_active_handler()
#19 {main}


Jul 10 03:08:41  [info] $Fatal Error Details = Array
(
    [message] => convert(varchar is not of the type Positive
    [code] => 
)


Jul 10 03:08:41  [info] $backTrace = #0 /var/www/compucorp/html/sites/all/modules/civicrm/CRM/Core/Error.php(364): CRM_Core_Error::backtrace("backTrace", TRUE)
#1 /var/www/compucorp/html/sites/all/modules/civicrm/CRM/Utils/Type.php(297): CRM_Core_Error::fatal("convert(varchar is not of the type Positive")
#2 /var/www/compucorp/html/sites/all/modules/civicrm/CRM/Profile/Form.php(235): CRM_Utils_Type::escape("convert(varchar", "Positive")
#3 /var/www/compucorp/html/sites/all/modules/civicrm/CRM/Profile/Form/Dynamic.php(68): CRM_Profile_Form->preProcess()
#4 /var/www/compucorp/html/sites/all/modules/civicrm/CRM/Core/Form.php(455): CRM_Profile_Form_Dynamic->preProcess()
#5 /var/www/compucorp/html/sites/all/modules/civicrm/CRM/Core/QuickForm/Action/Display.php(94): CRM_Core_Form->buildForm()
#6 /var/www/compucorp/html/sites/all/modules/civicrm/packages/HTML/QuickForm/Controller.php(203): CRM_Core_QuickForm_Action_Display->perform(Object(CRM_Profile_Form_Dynamic), "display")
#7 /var/www/compucorp/html/sites/all/modules/civicrm/packages/HTML/QuickForm/Page.php(103): HTML_QuickForm_Controller->handle(Object(CRM_Profile_Form_Dynamic), "display")
#8 /var/www/compucorp/html/sites/all/modules/civicrm/CRM/Core/Controller.php(353): HTML_QuickForm_Page->handle("display")
#9 /var/www/compucorp/html/sites/all/modules/civicrm/CRM/Core/BAO/UFGroup.php(820): CRM_Core_Controller->run()
#10 /var/www/compucorp/html/sites/all/modules/civicrm/drupal/civicrm.module(578): CRM_Core_BAO_UFGroup::getEditHTML(NULL, "", 1, TRUE, TRUE, NULL, FALSE, "Individual")
#11 /var/www/compucorp/html/sites/all/modules/civicrm/drupal/civicrm.module(907): civicrm_register_data((Array:26), Object(stdClass), NULL, TRUE, FALSE)
#12 /var/www/compucorp/html/includes/module.inc(1163): civicrm_form_alter((Array:26), (Array:14), "user_register_form", NULL)
#13 /var/www/compucorp/html/includes/form.inc(1129): drupal_alter((Array:2), (Array:26), (Array:14), "user_register_form")
#14 /var/www/compucorp/html/includes/form.inc(352): drupal_prepare_form("user_register_form", (Array:26), (Array:14))
#15 /var/www/compucorp/html/includes/form.inc(131): drupal_build_form("user_register_form", (Array:14))
#16 [internal function](): drupal_get_form("user_register_form")
#17 /var/www/compucorp/html/includes/menu.inc(527): call_user_func_array("drupal_get_form", (Array:1))
#18 /var/www/compucorp/html/index.php(21): menu_execute_active_handler()
#19 {main}


Jul 10 03:08:43  [info] $Fatal Error Details = Array
(
    [message] => convert(varchar is not of the type Positive
    [code] => 
)


Jul 10 03:08:43  [info] $backTrace = #0 /var/www/compucorp/html/sites/all/modules/civicrm/CRM/Core/Error.php(364): CRM_Core_Error::backtrace("backTrace", TRUE)
#1 /var/www/compucorp/html/sites/all/modules/civicrm/CRM/Utils/Type.php(297): CRM_Core_Error::fatal("convert(varchar is not of the type Positive")
#2 /var/www/compucorp/html/sites/all/modules/civicrm/CRM/Profile/Form.php(235): CRM_Utils_Type::escape("convert(varchar", "Positive")
#3 /var/www/compucorp/html/sites/all/modules/civicrm/CRM/Profile/Form/Dynamic.php(68): CRM_Profile_Form->preProcess()
#4 /var/www/compucorp/html/sites/all/modules/civicrm/CRM/Core/Form.php(455): CRM_Profile_Form_Dynamic->preProcess()
#5 /var/www/compucorp/html/sites/all/modules/civicrm/CRM/Core/QuickForm/Action/Display.php(94): CRM_Core_Form->buildForm()
#6 /var/www/compucorp/html/sites/all/modules/civicrm/packages/HTML/QuickForm/Controller.php(203): CRM_Core_QuickForm_Action_Display->perform(Object(CRM_Profile_Form_Dynamic), "display")
#7 /var/www/compucorp/html/sites/all/modules/civicrm/packages/HTML/QuickForm/Page.php(103): HTML_QuickForm_Controller->handle(Object(CRM_Profile_Form_Dynamic), "display")
#8 /var/www/compucorp/html/sites/all/modules/civicrm/CRM/Core/Controller.php(353): HTML_QuickForm_Page->handle("display")
#9 /var/www/compucorp/html/sites/all/modules/civicrm/CRM/Core/BAO/UFGroup.php(820): CRM_Core_Controller->run()
#10 /var/www/compucorp/html/sites/all/modules/civicrm/drupal/civicrm.module(578): CRM_Core_BAO_UFGroup::getEditHTML(NULL, "", 1, TRUE, TRUE, NULL, FALSE, "Individual")
#11 /var/www/compucorp/html/sites/all/modules/civicrm/drupal/civicrm.module(907): civicrm_register_data((Array:26), Object(stdClass), NULL, TRUE, FALSE)
#12 /var/www/compucorp/html/includes/module.inc(1163): civicrm_form_alter((Array:26), (Array:14), "user_register_form", NULL)
#13 /var/www/compucorp/html/includes/form.inc(1129): drupal_alter((Array:2), (Array:26), (Array:14), "user_register_form")
#14 /var/www/compucorp/html/includes/form.inc(352): drupal_prepare_form("user_register_form", (Array:26), (Array:14))
#15 /var/www/compucorp/html/includes/form.inc(131): drupal_build_form("user_register_form", (Array:14))
#16 [internal function](): drupal_get_form("user_register_form")
#17 /var/www/compucorp/html/includes/menu.inc(527): call_user_func_array("drupal_get_form", (Array:1))
#18 /var/www/compucorp/html/index.php(21): menu_execute_active_handler()
#19 {main}


Jul 10 03:08:44  [info] $Fatal Error Details = Array
(
    [message] => ' convert(varchar is not of the type Positive
    [code] => 
)


Jul 10 03:08:44  [info] $backTrace = #0 /var/www/compucorp/html/sites/all/modules/civicrm/CRM/Core/Error.php(364): CRM_Core_Error::backtrace("backTrace", TRUE)
#1 /var/www/compucorp/html/sites/all/modules/civicrm/CRM/Utils/Type.php(297): CRM_Core_Error::fatal("' convert(varchar is not of the type Positive")
#2 /var/www/compucorp/html/sites/all/modules/civicrm/CRM/Profile/Form.php(235): CRM_Utils_Type::escape("' convert(varchar", "Positive")
#3 /var/www/compucorp/html/sites/all/modules/civicrm/CRM/Profile/Form/Dynamic.php(68): CRM_Profile_Form->preProcess()
#4 /var/www/compucorp/html/sites/all/modules/civicrm/CRM/Core/Form.php(455): CRM_Profile_Form_Dynamic->preProcess()
#5 /var/www/compucorp/html/sites/all/modules/civicrm/CRM/Core/QuickForm/Action/Display.php(94): CRM_Core_Form->buildForm()
#6 /var/www/compucorp/html/sites/all/modules/civicrm/packages/HTML/QuickForm/Controller.php(203): CRM_Core_QuickForm_Action_Display->perform(Object(CRM_Profile_Form_Dynamic), "display")
#7 /var/www/compucorp/html/sites/all/modules/civicrm/packages/HTML/QuickForm/Page.php(103): HTML_QuickForm_Controller->handle(Object(CRM_Profile_Form_Dynamic), "display")
#8 /var/www/compucorp/html/sites/all/modules/civicrm/CRM/Core/Controller.php(353): HTML_QuickForm_Page->handle("display")
#9 /var/www/compucorp/html/sites/all/modules/civicrm/CRM/Core/BAO/UFGroup.php(820): CRM_Core_Controller->run()
#10 /var/www/compucorp/html/sites/all/modules/civicrm/drupal/civicrm.module(578): CRM_Core_BAO_UFGroup::getEditHTML(NULL, "", 1, TRUE, TRUE, NULL, FALSE, "Individual")
#11 /var/www/compucorp/html/sites/all/modules/civicrm/drupal/civicrm.module(907): civicrm_register_data((Array:26), Object(stdClass), NULL, TRUE, FALSE)
#12 /var/www/compucorp/html/includes/module.inc(1163): civicrm_form_alter((Array:26), (Array:14), "user_register_form", NULL)
#13 /var/www/compucorp/html/includes/form.inc(1129): drupal_alter((Array:2), (Array:26), (Array:14), "user_register_form")
#14 /var/www/compucorp/html/includes/form.inc(352): drupal_prepare_form("user_register_form", (Array:26), (Array:14))
#15 /var/www/compucorp/html/includes/form.inc(131): drupal_build_form("user_register_form", (Array:14))
#16 [internal function](): drupal_get_form("user_register_form")
#17 /var/www/compucorp/html/includes/menu.inc(527): call_user_func_array("drupal_get_form", (Array:1))
#18 /var/www/compucorp/html/index.php(21): menu_execute_active_handler()
#19 {main}


Jul 10 03:08:45  [info] $Fatal Error Details = Array
(
    [message] => convert(int is not of the type Positive
    [code] => 
)


Jul 10 03:08:45  [info] $backTrace = #0 /var/www/compucorp/html/sites/all/modules/civicrm/CRM/Core/Error.php(364): CRM_Core_Error::backtrace("backTrace", TRUE)
#1 /var/www/compucorp/html/sites/all/modules/civicrm/CRM/Utils/Type.php(297): CRM_Core_Error::fatal("convert(int is not of the type Positive")
#2 /var/www/compucorp/html/sites/all/modules/civicrm/CRM/Profile/Form.php(235): CRM_Utils_Type::escape("convert(int", "Positive")
#3 /var/www/compucorp/html/sites/all/modules/civicrm/CRM/Profile/Form/Dynamic.php(68): CRM_Profile_Form->preProcess()
#4 /var/www/compucorp/html/sites/all/modules/civicrm/CRM/Core/Form.php(455): CRM_Profile_Form_Dynamic->preProcess()
#5 /var/www/compucorp/html/sites/all/modules/civicrm/CRM/Core/QuickForm/Action/Display.php(94): CRM_Core_Form->buildForm()
#6 /var/www/compucorp/html/sites/all/modules/civicrm/packages/HTML/QuickForm/Controller.php(203): CRM_Core_QuickForm_Action_Display->perform(Object(CRM_Profile_Form_Dynamic), "display")
#7 /var/www/compucorp/html/sites/all/modules/civicrm/packages/HTML/QuickForm/Page.php(103): HTML_QuickForm_Controller->handle(Object(CRM_Profile_Form_Dynamic), "display")
#8 /var/www/compucorp/html/sites/all/modules/civicrm/CRM/Core/Controller.php(353): HTML_QuickForm_Page->handle("display")
#9 /var/www/compucorp/html/sites/all/modules/civicrm/CRM/Core/BAO/UFGroup.php(820): CRM_Core_Controller->run()
#10 /var/www/compucorp/html/sites/all/modules/civicrm/drupal/civicrm.module(578): CRM_Core_BAO_UFGroup::getEditHTML(NULL, "", 1, TRUE, TRUE, NULL, FALSE, "Individual")
#11 /var/www/compucorp/html/sites/all/modules/civicrm/drupal/civicrm.module(907): civicrm_register_data((Array:26), Object(stdClass), NULL, TRUE, FALSE)
#12 /var/www/compucorp/html/includes/module.inc(1163): civicrm_form_alter((Array:26), (Array:14), "user_register_form", NULL)
#13 /var/www/compucorp/html/includes/form.inc(1129): drupal_alter((Array:2), (Array:26), (Array:14), "user_register_form")
#14 /var/www/compucorp/html/includes/form.inc(352): drupal_prepare_form("user_register_form", (Array:26), (Array:14))
#15 /var/www/compucorp/html/includes/form.inc(131): drupal_build_form("user_register_form", (Array:14))
#16 [internal function](): drupal_get_form("user_register_form")
#17 /var/www/compucorp/html/includes/menu.inc(527): call_user_func_array("drupal_get_form", (Array:1))
#18 /var/www/compucorp/html/index.php(21): menu_execute_active_handler()
#19 {main}


Jul 10 03:08:46  [info] $Fatal Error Details = Array
(
    [message] => '+convert(varchar is not of the type Positive
    [code] => 
)


Jul 10 03:08:46  [info] $backTrace = #0 /var/www/compucorp/html/sites/all/modules/civicrm/CRM/Core/Error.php(364): CRM_Core_Error::backtrace("backTrace", TRUE)
#1 /var/www/compucorp/html/sites/all/modules/civicrm/CRM/Utils/Type.php(297): CRM_Core_Error::fatal("'+convert(varchar is not of the type Positive")
#2 /var/www/compucorp/html/sites/all/modules/civicrm/CRM/Profile/Form.php(235): CRM_Utils_Type::escape("'+convert(varchar", "Positive")
#3 /var/www/compucorp/html/sites/all/modules/civicrm/CRM/Profile/Form/Dynamic.php(68): CRM_Profile_Form->preProcess()
#4 /var/www/compucorp/html/sites/all/modules/civicrm/CRM/Core/Form.php(455): CRM_Profile_Form_Dynamic->preProcess()
#5 /var/www/compucorp/html/sites/all/modules/civicrm/CRM/Core/QuickForm/Action/Display.php(94): CRM_Core_Form->buildForm()
#6 /var/www/compucorp/html/sites/all/modules/civicrm/packages/HTML/QuickForm/Controller.php(203): CRM_Core_QuickForm_Action_Display->perform(Object(CRM_Profile_Form_Dynamic), "display")
#7 /var/www/compucorp/html/sites/all/modules/civicrm/packages/HTML/QuickForm/Page.php(103): HTML_QuickForm_Controller->handle(Object(CRM_Profile_Form_Dynamic), "display")
#8 /var/www/compucorp/html/sites/all/modules/civicrm/CRM/Core/Controller.php(353): HTML_QuickForm_Page->handle("display")
#9 /var/www/compucorp/html/sites/all/modules/civicrm/CRM/Core/BAO/UFGroup.php(820): CRM_Core_Controller->run()
#10 /var/www/compucorp/html/sites/all/modules/civicrm/drupal/civicrm.module(578): CRM_Core_BAO_UFGroup::getEditHTML(NULL, "", 1, TRUE, TRUE, NULL, FALSE, "Individual")
#11 /var/www/compucorp/html/sites/all/modules/civicrm/drupal/civicrm.module(907): civicrm_register_data((Array:26), Object(stdClass), NULL, TRUE, FALSE)
#12 /var/www/compucorp/html/includes/module.inc(1163): civicrm_form_alter((Array:26), (Array:14), "user_register_form", NULL)
#13 /var/www/compucorp/html/includes/form.inc(1129): drupal_alter((Array:2), (Array:26), (Array:14), "user_register_form")
#14 /var/www/compucorp/html/includes/form.inc(352): drupal_prepare_form("user_register_form", (Array:26), (Array:14))
#15 /var/www/compucorp/html/includes/form.inc(131): drupal_build_form("user_register_form", (Array:14))
#16 [internal function](): drupal_get_form("user_register_form")
#17 /var/www/compucorp/html/includes/menu.inc(527): call_user_func_array("drupal_get_form", (Array:1))
#18 /var/www/compucorp/html/index.php(21): menu_execute_active_handler()
#19 {main}


Jul 10 03:08:46  [info] $Fatal Error Details = Array
(
    [message] => '+convert(int is not of the type Positive
    [code] => 
)


Jul 10 03:08:46  [info] $backTrace = #0 /var/www/compucorp/html/sites/all/modules/civicrm/CRM/Core/Error.php(364): CRM_Core_Error::backtrace("backTrace", TRUE)
#1 /var/www/compucorp/html/sites/all/modules/civicrm/CRM/Utils/Type.php(297): CRM_Core_Error::fatal("'+convert(int is not of the type Positive")
#2 /var/www/compucorp/html/sites/all/modules/civicrm/CRM/Profile/Form.php(235): CRM_Utils_Type::escape("'+convert(int", "Positive")
#3 /var/www/compucorp/html/sites/all/modules/civicrm/CRM/Profile/Form/Dynamic.php(68): CRM_Profile_Form->preProcess()
#4 /var/www/compucorp/html/sites/all/modules/civicrm/CRM/Core/Form.php(455): CRM_Profile_Form_Dynamic->preProcess()
#5 /var/www/compucorp/html/sites/all/modules/civicrm/CRM/Core/QuickForm/Action/Display.php(94): CRM_Core_Form->buildForm()
#6 /var/www/compucorp/html/sites/all/modules/civicrm/packages/HTML/QuickForm/Controller.php(203): CRM_Core_QuickForm_Action_Display->perform(Object(CRM_Profile_Form_Dynamic), "display")
#7 /var/www/compucorp/html/sites/all/modules/civicrm/packages/HTML/QuickForm/Page.php(103): HTML_QuickForm_Controller->handle(Object(CRM_Profile_Form_Dynamic), "display")
#8 /var/www/compucorp/html/sites/all/modules/civicrm/CRM/Core/Controller.php(353): HTML_QuickForm_Page->handle("display")
#9 /var/www/compucorp/html/sites/all/modules/civicrm/CRM/Core/BAO/UFGroup.php(820): CRM_Core_Controller->run()
#10 /var/www/compucorp/html/sites/all/modules/civicrm/drupal/civicrm.module(578): CRM_Core_BAO_UFGroup::getEditHTML(NULL, "", 1, TRUE, TRUE, NULL, FALSE, "Individual")
#11 /var/www/compucorp/html/sites/all/modules/civicrm/drupal/civicrm.module(907): civicrm_register_data((Array:26), Object(stdClass), NULL, TRUE, FALSE)
#12 /var/www/compucorp/html/includes/module.inc(1163): civicrm_form_alter((Array:26), (Array:14), "user_register_form", NULL)
#13 /var/www/compucorp/html/includes/form.inc(1129): drupal_alter((Array:2), (Array:26), (Array:14), "user_register_form")
#14 /var/www/compucorp/html/includes/form.inc(352): drupal_prepare_form("user_register_form", (Array:26), (Array:14))
#15 /var/www/compucorp/html/includes/form.inc(131): drupal_build_form("user_register_form", (Array:14))
#16 [internal function](): drupal_get_form("user_register_form")
#17 /var/www/compucorp/html/includes/menu.inc(527): call_user_func_array("drupal_get_form", (Array:1))
#18 /var/www/compucorp/html/index.php(21): menu_execute_active_handler()
#19 {main}


Jul 10 03:08:48  [info] $Fatal Error Details = Array
(
    [message] =>  9 is not of the type Positive
    [code] => 
)


Jul 10 03:08:48  [info] $backTrace = #0 /var/www/compucorp/html/sites/all/modules/civicrm/CRM/Core/Error.php(364): CRM_Core_Error::backtrace("backTrace", TRUE)
#1 /var/www/compucorp/html/sites/all/modules/civicrm/CRM/Utils/Type.php(297): CRM_Core_Error::fatal(" 9 is not of the type Positive")
#2 /var/www/compucorp/html/sites/all/modules/civicrm/CRM/Profile/Form.php(235): CRM_Utils_Type::escape(" 9", "Positive")
#3 /var/www/compucorp/html/sites/all/modules/civicrm/CRM/Profile/Form/Dynamic.php(68): CRM_Profile_Form->preProcess()
#4 /var/www/compucorp/html/sites/all/modules/civicrm/CRM/Core/Form.php(455): CRM_Profile_Form_Dynamic->preProcess()
#5 /var/www/compucorp/html/sites/all/modules/civicrm/CRM/Core/QuickForm/Action/Display.php(94): CRM_Core_Form->buildForm()
#6 /var/www/compucorp/html/sites/all/modules/civicrm/packages/HTML/QuickForm/Controller.php(203): CRM_Core_QuickForm_Action_Display->perform(Object(CRM_Profile_Form_Dynamic), "display")
#7 /var/www/compucorp/html/sites/all/modules/civicrm/packages/HTML/QuickForm/Page.php(103): HTML_QuickForm_Controller->handle(Object(CRM_Profile_Form_Dynamic), "display")
#8 /var/www/compucorp/html/sites/all/modules/civicrm/CRM/Core/Controller.php(353): HTML_QuickForm_Page->handle("display")
#9 /var/www/compucorp/html/sites/all/modules/civicrm/CRM/Core/BAO/UFGroup.php(820): CRM_Core_Controller->run()
#10 /var/www/compucorp/html/sites/all/modules/civicrm/drupal/civicrm.module(578): CRM_Core_BAO_UFGroup::getEditHTML(NULL, "", 1, TRUE, TRUE, NULL, FALSE, "Individual")
#11 /var/www/compucorp/html/sites/all/modules/civicrm/drupal/civicrm.module(907): civicrm_register_data((Array:26), Object(stdClass), NULL, TRUE, FALSE)
#12 /var/www/compucorp/html/includes/module.inc(1163): civicrm_form_alter((Array:26), (Array:14), "user_register_form", NULL)
#13 /var/www/compucorp/html/includes/form.inc(1129): drupal_alter((Array:2), (Array:26), (Array:14), "user_register_form")
#14 /var/www/compucorp/html/includes/form.inc(352): drupal_prepare_form("user_register_form", (Array:26), (Array:14))
#15 /var/www/compucorp/html/includes/form.inc(131): drupal_build_form("user_register_form", (Array:14))
#16 [internal function](): drupal_get_form("user_register_form")
#17 /var/www/compucorp/html/includes/menu.inc(527): call_user_func_array("drupal_get_form", (Array:1))
#18 /var/www/compucorp/html/index.php(21): menu_execute_active_handler()
#19 {main}


Jul 10 03:08:48  [info] $Fatal Error Details = Array
(
    [message] => convert(int is not of the type Positive
    [code] => 
)


Jul 10 03:08:48  [info] $backTrace = #0 /var/www/compucorp/html/sites/all/modules/civicrm/CRM/Core/Error.php(364): CRM_Core_Error::backtrace("backTrace", TRUE)
#1 /var/www/compucorp/html/sites/all/modules/civicrm/CRM/Utils/Type.php(297): CRM_Core_Error::fatal("convert(int is not of the type Positive")
#2 /var/www/compucorp/html/sites/all/modules/civicrm/CRM/Profile/Form.php(235): CRM_Utils_Type::escape("convert(int", "Positive")
#3 /var/www/compucorp/html/sites/all/modules/civicrm/CRM/Profile/Form/Dynamic.php(68): CRM_Profile_Form->preProcess()
#4 /var/www/compucorp/html/sites/all/modules/civicrm/CRM/Core/Form.php(455): CRM_Profile_Form_Dynamic->preProcess()
#5 /var/www/compucorp/html/sites/all/modules/civicrm/CRM/Core/QuickForm/Action/Display.php(94): CRM_Core_Form->buildForm()
#6 /var/www/compucorp/html/sites/all/modules/civicrm/packages/HTML/QuickForm/Controller.php(203): CRM_Core_QuickForm_Action_Display->perform(Object(CRM_Profile_Form_Dynamic), "display")
#7 /var/www/compucorp/html/sites/all/modules/civicrm/packages/HTML/QuickForm/Page.php(103): HTML_QuickForm_Controller->handle(Object(CRM_Profile_Form_Dynamic), "display")
#8 /var/www/compucorp/html/sites/all/modules/civicrm/CRM/Core/Controller.php(353): HTML_QuickForm_Page->handle("display")
#9 /var/www/compucorp/html/sites/all/modules/civicrm/CRM/Core/BAO/UFGroup.php(820): CRM_Core_Controller->run()
#10 /var/www/compucorp/html/sites/all/modules/civicrm/drupal/civicrm.module(578): CRM_Core_BAO_UFGroup::getEditHTML(NULL, "", 1, TRUE, TRUE, NULL, FALSE, "Individual")
#11 /var/www/compucorp/html/sites/all/modules/civicrm/drupal/civicrm.module(907): civicrm_register_data((Array:26), Object(stdClass), NULL, TRUE, FALSE)
#12 /var/www/compucorp/html/includes/module.inc(1163): civicrm_form_alter((Array:26), (Array:14), "user_register_form", NULL)
#13 /var/www/compucorp/html/includes/form.inc(1129): drupal_alter((Array:2), (Array:26), (Array:14), "user_register_form")
#14 /var/www/compucorp/html/includes/form.inc(352): drupal_prepare_form("user_register_form", (Array:26), (Array:14))
#15 /var/www/compucorp/html/includes/form.inc(131): drupal_build_form("user_register_form", (Array:14))
#16 [internal function](): drupal_get_form("user_register_form")
#17 /var/www/compucorp/html/includes/menu.inc(527): call_user_func_array("drupal_get_form", (Array:1))
#18 /var/www/compucorp/html/index.php(21): menu_execute_active_handler()
#19 {main}


